<?xml version="1.0" encoding="UTF-8"?>
<coverage generated="1669856105192" clover="3.2.0">
  <project timestamp="1669856105192" name="All files">
    <metrics statements="10" coveredstatements="9" conditionals="0" coveredconditionals="0" methods="2" coveredmethods="1" elements="12" coveredelements="10" complexity="0" loc="10" ncloc="10" packages="1" files="1" classes="1"/>
    <file name="userModel.js" path="/Users/fraktal/CS/IterationProject/WebpackGenerator/server/models/userModel.js">
      <metrics statements="10" coveredstatements="9" conditionals="0" coveredconditionals="0" methods="2" coveredmethods="1"/>
      <line num="1" count="1" type="stmt"/>
      <line num="2" count="1" type="stmt"/>
      <line num="4" count="1" type="stmt"/>
      <line num="12" count="1" type="stmt"/>
      <line num="20" count="0" type="stmt"/>
      <line num="21" count="1" type="stmt"/>
      <line num="24" count="1" type="stmt"/>
      <line num="27" count="1" type="stmt"/>
      <line num="33" count="1" type="stmt"/>
      <line num="35" count="1" type="stmt"/>
    </file>
  </project>
</coverage>
