{"/Users/fraktal/CS/IterationProject/WebpackGenerator/server/models/userModel.js": {"path":"/Users/fraktal/CS/IterationProject/WebpackGenerator/server/models/userModel.js","statementMap":{"0":{"start":{"line":1,"column":17},"end":{"line":1,"column":36}},"1":{"start":{"line":2,"column":30},"end":{"line":2,"column":64}},"2":{"start":{"line":4,"column":0},"end":{"line":4,"column":27}},"3":{"start":{"line":8,"column":18},"end":{"line":8,"column":114}},"4":{"start":{"line":10,"column":0},"end":{"line":19,"column":36}},"5":{"start":{"line":18,"column":14},"end":{"line":18,"column":51}},"6":{"start":{"line":19,"column":18},"end":{"line":19,"column":34}},"7":{"start":{"line":22,"column":15},"end":{"line":22,"column":30}},"8":{"start":{"line":25,"column":19},"end":{"line":29,"column":2}},"9":{"start":{"line":31,"column":14},"end":{"line":31,"column":49}},"10":{"start":{"line":33,"column":0},"end":{"line":33,"column":23}}},"fnMap":{"0":{"name":"(anonymous_0)","decl":{"start":{"line":18,"column":8},"end":{"line":18,"column":9}},"loc":{"start":{"line":18,"column":14},"end":{"line":18,"column":51}},"line":18},"1":{"name":"(anonymous_1)","decl":{"start":{"line":19,"column":9},"end":{"line":19,"column":10}},"loc":{"start":{"line":19,"column":18},"end":{"line":19,"column":34}},"line":19}},"branchMap":{},"s":{"0":1,"1":1,"2":1,"3":1,"4":1,"5":1,"6":0,"7":1,"8":1,"9":1,"10":1},"f":{"0":1,"1":0},"b":{},"_coverageSchema":"1a1c01bbd47fc00a2c39e90264f33305004495a9","hash":"a519188f18df07a0b0350536fc41bd4b442b1cb6"}
}
