{"/Users/fraktal/CS/IterationProject/WebpackGenerator/server/models/userModel.js": {"path":"/Users/fraktal/CS/IterationProject/WebpackGenerator/server/models/userModel.js","statementMap":{"0":{"start":{"line":1,"column":17},"end":{"line":1,"column":36}},"1":{"start":{"line":2,"column":30},"end":{"line":2,"column":64}},"2":{"start":{"line":4,"column":0},"end":{"line":4,"column":27}},"3":{"start":{"line":12,"column":0},"end":{"line":21,"column":36}},"4":{"start":{"line":20,"column":14},"end":{"line":20,"column":51}},"5":{"start":{"line":21,"column":18},"end":{"line":21,"column":34}},"6":{"start":{"line":24,"column":15},"end":{"line":24,"column":30}},"7":{"start":{"line":27,"column":19},"end":{"line":31,"column":2}},"8":{"start":{"line":33,"column":14},"end":{"line":33,"column":49}},"9":{"start":{"line":35,"column":0},"end":{"line":35,"column":23}}},"fnMap":{"0":{"name":"(anonymous_0)","decl":{"start":{"line":20,"column":8},"end":{"line":20,"column":9}},"loc":{"start":{"line":20,"column":14},"end":{"line":20,"column":51}},"line":20},"1":{"name":"(anonymous_1)","decl":{"start":{"line":21,"column":9},"end":{"line":21,"column":10}},"loc":{"start":{"line":21,"column":18},"end":{"line":21,"column":34}},"line":21}},"branchMap":{},"s":{"0":1,"1":1,"2":1,"3":1,"4":0,"5":1,"6":1,"7":1,"8":1,"9":1},"f":{"0":0,"1":1},"b":{},"_coverageSchema":"1a1c01bbd47fc00a2c39e90264f33305004495a9","hash":"f39945bbebefe422e4efd7a35559ab74504ac704"}
}
